#
# There is insufficient memory for the Java Runtime Environment to continue.
# Native memory allocation (malloc) failed to allocate 533376 bytes for Chunk::new
# Possible reasons:
#   The system is out of physical RAM or swap space
#   The process is running with CompressedOops enabled, and the Java Heap may be blocking the growth of the native heap
# Possible solutions:
#   Reduce memory load on the system
#   Increase physical memory or swap space
#   Check if swap backing store is full
#   Decrease Java heap size (-Xmx/-Xms)
#   Decrease number of Java threads
#   Decrease Java thread stack sizes (-Xss)
#   Set larger code cache with -XX:ReservedCodeCacheSize=
#   JVM is running with Unscaled Compressed Oops mode in which the Java heap is
#     placed in the first 4GB address space. The Java Heap base address is the
#     maximum limit for the native heap growth. Please use -XX:HeapBaseMinAddress
#     to set the Java Heap base and to place the Java Heap above 4GB virtual address.
# This output file may be truncated or incomplete.
#
#  Out of Memory Error (./src/hotspot/share/memory/arena.cpp:197), pid=15820, tid=6340
#
# JRE version: OpenJDK Runtime Environment (11.0.8+10) (build 11.0.8+10-b944.6842174)
# Java VM: OpenJDK 64-Bit Server VM (11.0.8+10-b944.6842174, mixed mode, tiered, compressed oops, g1 gc, windows-amd64)
# No core dump will be written. Minidumps are not enabled by default on client versions of Windows
#

---------------  S U M M A R Y ------------

Command Line: --add-opens=java.base/java.util=ALL-UNNAMED --add-opens=java.base/java.lang=ALL-UNNAMED --add-opens=java.base/java.lang.invoke=ALL-UNNAMED --add-opens=java.prefs/java.util.prefs=ALL-UNNAMED -Xmx2048m -Dfile.encoding=UTF-8 -Duser.country=US -Duser.language=en -Duser.variant org.gradle.launcher.daemon.bootstrap.GradleDaemon 6.7.1

Host: Intel(R) Core(TM) i7-3610QM CPU @ 2.30GHz, 8 cores, 7G,  Windows 10 , 64 bit Build 17134 (10.0.17134.1)
Time: Thu Jul 29 15:30:51 2021 SE Asia Standard Time elapsed time: 17 seconds (0d 0h 0m 17s)

---------------  T H R E A D  ---------------

Current thread (0x00000212e911a000):  JavaThread "C2 CompilerThread0" daemon [_thread_in_native, id=6340, stack(0x0000008d94900000,0x0000008d94a00000)]


Current CompileTask:
C2:  17074 2533  s!   4       jdk.internal.loader.URLClassPath::getLoader (194 bytes)

Stack: [0x0000008d94900000,0x0000008d94a00000]
Native frames: (J=compiled Java code, j=interpreted, Vv=VM code, C=native code)
V  [jvm.dll+0x5de50a]
V  [jvm.dll+0x7122f5]
V  [jvm.dll+0x71384d]
V  [jvm.dll+0x713f03]
V  [jvm.dll+0x23e728]
V  [jvm.dll+0xb899c]
V  [jvm.dll+0xb8e9c]
V  [jvm.dll+0x2b20e4]
V  [jvm.dll+0x502098]
V  [jvm.dll+0x1ff393]
V  [jvm.dll+0x1f917c]
V  [jvm.dll+0x1f685f]
V  [jvm.dll+0x17f32c]
V  [jvm.dll+0x205047]
V  [jvm.dll+0x203891]
V  [jvm.dll+0x6dad3f]
V  [jvm.dll+0x6d3895]
V  [jvm.dll+0x5dd4a6]
C  [ucrtbase.dll+0x1c1ae]
C  [KERNEL32.DLL+0x13034]
C  [ntdll.dll+0x71551]


---------------  P R O C E S S  ---------------

Threads class SMR info:
_java_thread_list=0x00000212ec4b5280, length=28, elements={
0x00000212ccdf9800, 0x00000212e910f000, 0x00000212e9113000, 0x00000212e910b000,
0x00000212e910c000, 0x00000212e911a000, 0x00000212e996a800, 0x00000212e996c000,
0x00000212e9acf000, 0x00000212e9ad2800, 0x00000212eb698000, 0x00000212ec119000,
0x00000212ead53800, 0x00000212ebbf2800, 0x00000212eb3d1800, 0x00000212ebb3a000,
0x00000212eb592800, 0x00000212eb4c4800, 0x00000212eba26800, 0x00000212ebcbe000,
0x00000212ebcbe800, 0x00000212ebcc3800, 0x00000212ebcc0800, 0x00000212ebcc3000,
0x00000212ebcc4800, 0x00000212ebcbf800, 0x00000212ebcc1000, 0x00000212ebcc2000
}

Java Threads: ( => current thread )
  0x00000212ccdf9800 JavaThread "main" [_thread_blocked, id=13600, stack(0x0000008d93e00000,0x0000008d93f00000)]
  0x00000212e910f000 JavaThread "Reference Handler" daemon [_thread_blocked, id=9632, stack(0x0000008d94500000,0x0000008d94600000)]
  0x00000212e9113000 JavaThread "Finalizer" daemon [_thread_blocked, id=16956, stack(0x0000008d94600000,0x0000008d94700000)]
  0x00000212e910b000 JavaThread "Signal Dispatcher" daemon [_thread_blocked, id=18056, stack(0x0000008d94700000,0x0000008d94800000)]
  0x00000212e910c000 JavaThread "Attach Listener" daemon [_thread_blocked, id=16944, stack(0x0000008d94800000,0x0000008d94900000)]
=>0x00000212e911a000 JavaThread "C2 CompilerThread0" daemon [_thread_in_native, id=6340, stack(0x0000008d94900000,0x0000008d94a00000)]
  0x00000212e996a800 JavaThread "C1 CompilerThread0" daemon [_thread_blocked, id=2772, stack(0x0000008d94a00000,0x0000008d94b00000)]
  0x00000212e996c000 JavaThread "Sweeper thread" daemon [_thread_blocked, id=872, stack(0x0000008d94b00000,0x0000008d94c00000)]
  0x00000212e9acf000 JavaThread "Common-Cleaner" daemon [_thread_blocked, id=2464, stack(0x0000008d94c00000,0x0000008d94d00000)]
  0x00000212e9ad2800 JavaThread "Service Thread" daemon [_thread_blocked, id=18400, stack(0x0000008d94d00000,0x0000008d94e00000)]
  0x00000212eb698000 JavaThread "Daemon health stats" [_thread_blocked, id=13964, stack(0x0000008d95300000,0x0000008d95400000)]
  0x00000212ec119000 JavaThread "Incoming local TCP Connector on port 53088" [_thread_in_native, id=9140, stack(0x0000008d95500000,0x0000008d95600000)]
  0x00000212ead53800 JavaThread "Daemon periodic checks" [_thread_blocked, id=17912, stack(0x0000008d95600000,0x0000008d95700000)]
  0x00000212ebbf2800 JavaThread "Daemon" [_thread_blocked, id=9824, stack(0x0000008d95700000,0x0000008d95800000)]
  0x00000212eb3d1800 JavaThread "Handler for socket connection from /127.0.0.1:53088 to /127.0.0.1:53089" [_thread_in_native, id=11768, stack(0x0000008d95800000,0x0000008d95900000)]
  0x00000212ebb3a000 JavaThread "Cancel handler" [_thread_blocked, id=5456, stack(0x0000008d95900000,0x0000008d95a00000)]
  0x00000212eb592800 JavaThread "Daemon worker" [_thread_in_Java, id=3500, stack(0x0000008d95a00000,0x0000008d95b00000)]
  0x00000212eb4c4800 JavaThread "Asynchronous log dispatcher for DefaultDaemonConnection: socket connection from /127.0.0.1:53088 to /127.0.0.1:53089" [_thread_blocked, id=17536, stack(0x0000008d95b00000,0x0000008d95c00000)]
  0x00000212eba26800 JavaThread "Stdin handler" [_thread_blocked, id=12084, stack(0x0000008d95c00000,0x0000008d95d00000)]
  0x00000212ebcbe000 JavaThread "Thread-8" [_thread_blocked, id=3056, stack(0x0000008d95d00000,0x0000008d95e00000)]
  0x00000212ebcbe800 JavaThread "Cache worker for file hash cache (C:\Users\Admin\.gradle\caches\6.7.1\fileHashes)" [_thread_blocked, id=4744, stack(0x0000008d96200000,0x0000008d96300000)]
  0x00000212ebcc3800 JavaThread "File lock request listener" [_thread_in_native, id=15936, stack(0x0000008d96300000,0x0000008d96400000)]
  0x00000212ebcc0800 JavaThread "Cache worker for journal cache (C:\Users\Admin\.gradle\caches\journal-1)" [_thread_blocked, id=16188, stack(0x0000008d96500000,0x0000008d96600000)]
  0x00000212ebcc3000 JavaThread "Cache worker for file hash cache (C:\Users\Admin\AndroidStudioProjects\QuanLyChiTieu2\.gradle\6.7.1\fileHashes)" [_thread_blocked, id=17076, stack(0x0000008d96600000,0x0000008d96700000)]
  0x00000212ebcc4800 JavaThread "Cache worker for checksums cache (C:\Users\Admin\AndroidStudioProjects\QuanLyChiTieu2\.gradle\checksums)" [_thread_blocked, id=13072, stack(0x0000008d96700000,0x0000008d96800000)]
  0x00000212ebcbf800 JavaThread "Cache worker for cache directory md-supplier (C:\Users\Admin\.gradle\caches\6.7.1\md-supplier)" [_thread_blocked, id=11144, stack(0x0000008d96800000,0x0000008d96900000)]
  0x00000212ebcc1000 JavaThread "Cache worker for cache directory md-rule (C:\Users\Admin\.gradle\caches\6.7.1\md-rule)" [_thread_blocked, id=5620, stack(0x0000008d96900000,0x0000008d96a00000)]
  0x00000212ebcc2000 JavaThread "Cache worker for execution history cache (C:\Users\Admin\.gradle\caches\6.7.1\executionHistory)" [_thread_blocked, id=18212, stack(0x0000008d96a00000,0x0000008d96b00000)]

Other Threads:
  0x00000212e90f9800 VMThread "VM Thread" [stack: 0x0000008d94400000,0x0000008d94500000] [id=16700]
  0x00000212e9ad4800 WatcherThread [stack: 0x0000008d94e00000,0x0000008d94f00000] [id=10304]
  0x00000212cce12000 GCTaskThread "GC Thread#0" [stack: 0x0000008d93f00000,0x0000008d94000000] [id=13080]
  0x00000212eabea000 GCTaskThread "GC Thread#1" [stack: 0x0000008d95100000,0x0000008d95200000] [id=1632]
  0x00000212eab03000 GCTaskThread "GC Thread#2" [stack: 0x0000008d95200000,0x0000008d95300000] [id=1620]
  0x00000212eb121000 GCTaskThread "GC Thread#3" [stack: 0x0000008d94f00000,0x0000008d95000000] [id=17432]
  0x00000212ec359000 GCTaskThread "GC Thread#4" [stack: 0x0000008d95e00000,0x0000008d95f00000] [id=17896]
  0x00000212eb9fc000 GCTaskThread "GC Thread#5" [stack: 0x0000008d95f00000,0x0000008d96000000] [id=10496]
  0x00000212eb34d000 GCTaskThread "GC Thread#6" [stack: 0x0000008d96000000,0x0000008d96100000] [id=18224]
  0x00000212eb33e000 GCTaskThread "GC Thread#7" [stack: 0x0000008d96100000,0x0000008d96200000] [id=17356]
  0x00000212cce43800 ConcurrentGCThread "G1 Main Marker" [stack: 0x0000008d94000000,0x0000008d94100000] [id=6968]
  0x00000212cce44800 ConcurrentGCThread "G1 Conc#0" [stack: 0x0000008d94100000,0x0000008d94200000] [id=17340]
  0x00000212ec9d7800 ConcurrentGCThread "G1 Conc#1" [stack: 0x0000008d96400000,0x0000008d96500000] [id=16496]
  0x00000212ccece000 ConcurrentGCThread "G1 Refine#0" [stack: 0x0000008d94200000,0x0000008d94300000] [id=16976]
  0x00000212e8f36800 ConcurrentGCThread "G1 Young RemSet Sampling" [stack: 0x0000008d94300000,0x0000008d94400000] [id=3492]

Threads with active compile tasks:
C2 CompilerThread0  17118 2533  s!   4       jdk.internal.loader.URLClassPath::getLoader (194 bytes)

VM state:not at safepoint (normal execution)

VM Mutex/Monitor currently owned by a thread: None

Heap address: 0x0000000080000000, size: 2048 MB, Compressed Oops mode: 32-bit
Narrow klass base: 0x0000000000000000, Narrow klass shift: 3
Compressed class space size: 1073741824 Address: 0x0000000100000000

Heap:
 garbage-first heap   total 131072K, used 56855K [0x0000000080000000, 0x0000000100000000)
  region size 1024K, 43 young (44032K), 3 survivors (3072K)
 Metaspace       used 31807K, capacity 32493K, committed 32640K, reserved 1077248K
  class space    used 4122K, capacity 4357K, committed 4480K, reserved 1048576K
Heap Regions: E=young(eden), S=young(survivor), O=old, HS=humongous(starts), HC=humongous(continues), CS=collection set, F=free, A=archive, TAMS=top-at-mark-start (previous, next)
|   0|0x0000000080000000, 0x0000000080100000, 0x0000000080100000|100%| O|  |TAMS 0x0000000080100000, 0x0000000080000000| Untracked 
|   1|0x0000000080100000, 0x0000000080200000, 0x0000000080200000|100%| O|  |TAMS 0x0000000080200000, 0x0000000080100000| Untracked 
|   2|0x0000000080200000, 0x0000000080300000, 0x0000000080300000|100%| O|  |TAMS 0x0000000080300000, 0x0000000080200000| Untracked 
|   3|0x0000000080300000, 0x0000000080400000, 0x0000000080400000|100%|HS|  |TAMS 0x0000000080400000, 0x0000000080300000| Complete 
|   4|0x0000000080400000, 0x0000000080500000, 0x0000000080500000|100%|HC|  |TAMS 0x0000000080500000, 0x0000000080400000| Complete 
|   5|0x0000000080500000, 0x0000000080600000, 0x0000000080600000|100%|HC|  |TAMS 0x0000000080600000, 0x0000000080500000| Complete 
|   6|0x0000000080600000, 0x0000000080700000, 0x0000000080700000|100%| O|  |TAMS 0x0000000080700000, 0x0000000080600000| Untracked 
|   7|0x0000000080700000, 0x0000000080800000, 0x0000000080800000|100%| O|  |TAMS 0x0000000080800000, 0x0000000080700000| Untracked 
|   8|0x0000000080800000, 0x0000000080900000, 0x0000000080900000|100%| O|  |TAMS 0x0000000080900000, 0x0000000080800000| Untracked 
|   9|0x0000000080900000, 0x0000000080a00000, 0x0000000080a00000|100%| O|  |TAMS 0x0000000080a00000, 0x0000000080900000| Untracked 
|  10|0x0000000080a00000, 0x0000000080b00000, 0x0000000080b00000|100%| O|  |TAMS 0x0000000080b00000, 0x0000000080a00000| Untracked 
|  11|0x0000000080b00000, 0x0000000080c00000, 0x0000000080c00000|100%| O|  |TAMS 0x0000000080c00000, 0x0000000080b00000| Untracked 
|  12|0x0000000080c00000, 0x0000000080d00000, 0x0000000080d00000|100%| O|  |TAMS 0x0000000080d00000, 0x0000000080c00000| Untracked 
|  13|0x0000000080d00000, 0x0000000080e00000, 0x0000000080e00000|100%| O|  |TAMS 0x0000000080e00000, 0x0000000080d00000| Untracked 
|  14|0x0000000080e00000, 0x0000000080f00000, 0x0000000080f00000|100%| O|  |TAMS 0x0000000080f00000, 0x0000000080e00000| Untracked 
|  15|0x0000000080f00000, 0x0000000080f3f800, 0x0000000081000000| 24%| O|  |TAMS 0x0000000080f3f800, 0x0000000080f00000| Untracked 
|  16|0x0000000081000000, 0x0000000081000000, 0x0000000081100000|  0%| F|  |TAMS 0x0000000081000000, 0x0000000081000000| Untracked 
|  17|0x0000000081100000, 0x0000000081100000, 0x0000000081200000|  0%| F|  |TAMS 0x0000000081100000, 0x0000000081100000| Untracked 
|  18|0x0000000081200000, 0x0000000081200000, 0x0000000081300000|  0%| F|  |TAMS 0x0000000081200000, 0x0000000081200000| Untracked 
|  19|0x0000000081300000, 0x0000000081300000, 0x0000000081400000|  0%| F|  |TAMS 0x0000000081300000, 0x0000000081300000| Untracked 
|  20|0x0000000081400000, 0x0000000081400000, 0x0000000081500000|  0%| F|  |TAMS 0x0000000081400000, 0x0000000081400000| Untracked 
|  21|0x0000000081500000, 0x0000000081500000, 0x0000000081600000|  0%| F|  |TAMS 0x0000000081500000, 0x0000000081500000| Untracked 
|  22|0x0000000081600000, 0x0000000081600000, 0x0000000081700000|  0%| F|  |TAMS 0x0000000081600000, 0x0000000081600000| Untracked 
|  23|0x0000000081700000, 0x0000000081700000, 0x0000000081800000|  0%| F|  |TAMS 0x0000000081700000, 0x0000000081700000| Untracked 
|  24|0x0000000081800000, 0x0000000081800000, 0x0000000081900000|  0%| F|  |TAMS 0x0000000081800000, 0x0000000081800000| Untracked 
|  25|0x0000000081900000, 0x0000000081900000, 0x0000000081a00000|  0%| F|  |TAMS 0x0000000081900000, 0x0000000081900000| Untracked 
|  26|0x0000000081a00000, 0x0000000081a00000, 0x0000000081b00000|  0%| F|  |TAMS 0x0000000081a00000, 0x0000000081a00000| Untracked 
|  27|0x0000000081b00000, 0x0000000081b00000, 0x0000000081c00000|  0%| F|  |TAMS 0x0000000081b00000, 0x0000000081b00000| Untracked 
|  28|0x0000000081c00000, 0x0000000081c00000, 0x0000000081d00000|  0%| F|  |TAMS 0x0000000081c00000, 0x0000000081c00000| Untracked 
|  29|0x0000000081d00000, 0x0000000081d00000, 0x0000000081e00000|  0%| F|  |TAMS 0x0000000081d00000, 0x0000000081d00000| Untracked 
|  30|0x0000000081e00000, 0x0000000081e00000, 0x0000000081f00000|  0%| F|  |TAMS 0x0000000081e00000, 0x0000000081e00000| Untracked 
|  31|0x0000000081f00000, 0x0000000081f00000, 0x0000000082000000|  0%| F|  |TAMS 0x0000000081f00000, 0x0000000081f00000| Untracked 
|  32|0x0000000082000000, 0x0000000082000000, 0x0000000082100000|  0%| F|  |TAMS 0x0000000082000000, 0x0000000082000000| Untracked 
|  33|0x0000000082100000, 0x0000000082100000, 0x0000000082200000|  0%| F|  |TAMS 0x0000000082100000, 0x0000000082100000| Untracked 
|  34|0x0000000082200000, 0x0000000082200000, 0x0000000082300000|  0%| F|  |TAMS 0x0000000082200000, 0x0000000082200000| Untracked 
|  35|0x0000000082300000, 0x0000000082300000, 0x0000000082400000|  0%| F|  |TAMS 0x0000000082300000, 0x0000000082300000| Untracked 
|  36|0x0000000082400000, 0x0000000082400000, 0x0000000082500000|  0%| F|  |TAMS 0x0000000082400000, 0x0000000082400000| Untracked 
|  37|0x0000000082500000, 0x0000000082500000, 0x0000000082600000|  0%| F|  |TAMS 0x0000000082500000, 0x0000000082500000| Untracked 
|  38|0x0000000082600000, 0x0000000082600000, 0x0000000082700000|  0%| F|  |TAMS 0x0000000082600000, 0x0000000082600000| Untracked 
|  39|0x0000000082700000, 0x0000000082700000, 0x0000000082800000|  0%| F|  |TAMS 0x0000000082700000, 0x0000000082700000| Untracked 
|  40|0x0000000082800000, 0x0000000082800000, 0x0000000082900000|  0%| F|  |TAMS 0x0000000082800000, 0x0000000082800000| Untracked 
|  41|0x0000000082900000, 0x0000000082900000, 0x0000000082a00000|  0%| F|  |TAMS 0x0000000082900000, 0x0000000082900000| Untracked 
|  42|0x0000000082a00000, 0x0000000082a00000, 0x0000000082b00000|  0%| F|  |TAMS 0x0000000082a00000, 0x0000000082a00000| Untracked 
|  43|0x0000000082b00000, 0x0000000082b00000, 0x0000000082c00000|  0%| F|  |TAMS 0x0000000082b00000, 0x0000000082b00000| Untracked 
|  44|0x0000000082c00000, 0x0000000082c00000, 0x0000000082d00000|  0%| F|  |TAMS 0x0000000082c00000, 0x0000000082c00000| Untracked 
|  45|0x0000000082d00000, 0x0000000082d00000, 0x0000000082e00000|  0%| F|  |TAMS 0x0000000082d00000, 0x0000000082d00000| Untracked 
|  46|0x0000000082e00000, 0x0000000082e00000, 0x0000000082f00000|  0%| F|  |TAMS 0x0000000082e00000, 0x0000000082e00000| Untracked 
|  47|0x0000000082f00000, 0x0000000082f00000, 0x0000000083000000|  0%| F|  |TAMS 0x0000000082f00000, 0x0000000082f00000| Untracked 
|  48|0x0000000083000000, 0x0000000083000000, 0x0000000083100000|  0%| F|  |TAMS 0x0000000083000000, 0x0000000083000000| Untracked 
|  49|0x0000000083100000, 0x0000000083100000, 0x0000000083200000|  0%| F|  |TAMS 0x0000000083100000, 0x0000000083100000| Untracked 
|  50|0x0000000083200000, 0x0000000083200000, 0x0000000083300000|  0%| F|  |TAMS 0x0000000083200000, 0x0000000083200000| Untracked 
|  51|0x0000000083300000, 0x0000000083300000, 0x0000000083400000|  0%| F|  |TAMS 0x0000000083300000, 0x0000000083300000| Untracked 
|  52|0x0000000083400000, 0x0000000083400000, 0x0000000083500000|  0%| F|  |TAMS 0x0000000083400000, 0x0000000083400000| Untracked 
|  53|0x0000000083500000, 0x0000000083500000, 0x0000000083600000|  0%| F|  |TAMS 0x0000000083500000, 0x0000000083500000| Untracked 
|  54|0x0000000083600000, 0x0000000083600000, 0x0000000083700000|  0%| F|  |TAMS 0x0000000083600000, 0x0000000083600000| Untracked 
|  55|0x0000000083700000, 0x0000000083700000, 0x0000000083800000|  0%| F|  |TAMS 0x0000000083700000, 0x0000000083700000| Untracked 
|  56|0x0000000083800000, 0x0000000083800000, 0x0000000083900000|  0%| F|  |TAMS 0x0000000083800000, 0x0000000083800000| Untracked 
|  57|0x0000000083900000, 0x0000000083900000, 0x0000000083a00000|  0%| F|  |TAMS 0x0000000083900000, 0x0000000083900000| Untracked 
|  58|0x0000000083a00000, 0x0000000083a00000, 0x0000000083b00000|  0%| F|  |TAMS 0x0000000083a00000, 0x0000000083a00000| Untracked 
|  59|0x0000000083b00000, 0x0000000083b00000, 0x0000000083c00000|  0%| F|  |TAMS 0x0000000083b00000, 0x0000000083b00000| Untracked 
|  60|0x0000000083c00000, 0x0000000083c00000, 0x0000000083d00000|  0%| F|  |TAMS 0x0000000083c00000, 0x0000000083c00000| Untracked 
|  61|0x0000000083d00000, 0x0000000083d00000, 0x0000000083e00000|  0%| F|  |TAMS 0x0000000083d00000, 0x0000000083d00000| Untracked 
|  62|0x0000000083e00000, 0x0000000083e00000, 0x0000000083f00000|  0%| F|  |TAMS 0x0000000083e00000, 0x0000000083e00000| Untracked 
|  63|0x0000000083f00000, 0x0000000083f00000, 0x0000000084000000|  0%| F|  |TAMS 0x0000000083f00000, 0x0000000083f00000| Untracked 
|  64|0x0000000084000000, 0x0000000084000000, 0x0000000084100000|  0%| F|  |TAMS 0x0000000084000000, 0x0000000084000000| Untracked 
|  65|0x0000000084100000, 0x0000000084100000, 0x0000000084200000|  0%| F|  |TAMS 0x0000000084100000, 0x0000000084100000| Untracked 
|  66|0x0000000084200000, 0x0000000084200000, 0x0000000084300000|  0%| F|  |TAMS 0x0000000084200000, 0x0000000084200000| Untracked 
|  67|0x0000000084300000, 0x0000000084300000, 0x0000000084400000|  0%| F|  |TAMS 0x0000000084300000, 0x0000000084300000| Untracked 
|  68|0x0000000084400000, 0x0000000084400000, 0x0000000084500000|  0%| F|  |TAMS 0x0000000084400000, 0x0000000084400000| Untracked 
|  69|0x0000000084500000, 0x0000000084500000, 0x0000000084600000|  0%| F|  |TAMS 0x0000000084500000, 0x0000000084500000| Untracked 
|  70|0x0000000084600000, 0x0000000084600000, 0x0000000084700000|  0%| F|  |TAMS 0x0000000084600000, 0x0000000084600000| Untracked 
|  71|0x0000000084700000, 0x0000000084700000, 0x0000000084800000|  0%| F|  |TAMS 0x0000000084700000, 0x0000000084700000| Untracked 
|  72|0x0000000084800000, 0x0000000084800000, 0x0000000084900000|  0%| F|  |TAMS 0x0000000084800000, 0x0000000084800000| Untracked 
|  73|0x0000000084900000, 0x0000000084900000, 0x0000000084a00000|  0%| F|  |TAMS 0x0000000084900000, 0x0000000084900000| Untracked 
|  74|0x0000000084a00000, 0x0000000084a00000, 0x0000000084b00000|  0%| F|  |TAMS 0x0000000084a00000, 0x0000000084a00000| Untracked 
|  75|0x0000000084b00000, 0x0000000084b00000, 0x0000000084c00000|  0%| F|  |TAMS 0x0000000084b00000, 0x0000000084b00000| Untracked 
|  76|0x0000000084c00000, 0x0000000084c00000, 0x0000000084d00000|  0%| F|  |TAMS 0x0000000084c00000, 0x0000000084c00000| Untracked 
|  77|0x0000000084d00000, 0x0000000084d00000, 0x0000000084e00000|  0%| F|  |TAMS 0x0000000084d00000, 0x0000000084d00000| Untracked 
|  78|0x0000000084e00000, 0x0000000084e00000, 0x0000000084f00000|  0%| F|  |TAMS 0x0000000084e00000, 0x0000000084e00000| Untracked 
|  79|0x0000000084f00000, 0x0000000084f46468, 0x0000000085000000| 27%| S|CS|TAMS 0x0000000084f00000, 0x0000000084f00000| Complete 
|  80|0x0000000085000000, 0x0000000085100000, 0x0000000085100000|100%| S|CS|TAMS 0x0000000085000000, 0x0000000085000000| Complete 
|  81|0x0000000085100000, 0x0000000085200000, 0x0000000085200000|100%| S|CS|TAMS 0x0000000085100000, 0x0000000085100000| Complete 
|  82|0x0000000085200000, 0x0000000085200000, 0x0000000085300000|  0%| F|  |TAMS 0x0000000085200000, 0x0000000085200000| Untracked 
|  83|0x0000000085300000, 0x0000000085300000, 0x0000000085400000|  0%| F|  |TAMS 0x0000000085300000, 0x0000000085300000| Untracked 
|  84|0x0000000085400000, 0x0000000085400000, 0x0000000085500000|  0%| F|  |TAMS 0x0000000085400000, 0x0000000085400000| Untracked 
|  85|0x0000000085500000, 0x0000000085500000, 0x0000000085600000|  0%| F|  |TAMS 0x0000000085500000, 0x0000000085500000| Untracked 
|  86|0x0000000085600000, 0x0000000085600000, 0x0000000085700000|  0%| F|  |TAMS 0x0000000085600000, 0x0000000085600000| Untracked 
|  87|0x0000000085700000, 0x0000000085700000, 0x0000000085800000|  0%| F|  |TAMS 0x0000000085700000, 0x0000000085700000| Untracked 
|  88|0x0000000085800000, 0x0000000085900000, 0x0000000085900000|100%| E|  |TAMS 0x0000000085800000, 0x0000000085800000| Complete 
|  89|0x0000000085900000, 0x0000000085a00000, 0x0000000085a00000|100%| E|CS|TAMS 0x0000000085900000, 0x0000000085900000| Complete 
|  90|0x0000000085a00000, 0x0000000085b00000, 0x0000000085b00000|100%| E|CS|TAMS 0x0000000085a00000, 0x0000000085a00000| Complete 
|  91|0x0000000085b00000, 0x0000000085c00000, 0x0000000085c00000|100%| E|  |TAMS 0x0000000085b00000, 0x0000000085b00000| Complete 
|  92|0x0000000085c00000, 0x0000000085d00000, 0x0000000085d00000|100%| E|CS|TAMS 0x0000000085c00000, 0x0000000085c00000| Complete 
|  93|0x0000000085d00000, 0x0000000085e00000, 0x0000000085e00000|100%| E|CS|TAMS 0x0000000085d00000, 0x0000000085d00000| Complete 
|  94|0x0000000085e00000, 0x0000000085f00000, 0x0000000085f00000|100%| E|CS|TAMS 0x0000000085e00000, 0x0000000085e00000| Complete 
|  95|0x0000000085f00000, 0x0000000086000000, 0x0000000086000000|100%| E|CS|TAMS 0x0000000085f00000, 0x0000000085f00000| Complete 
|  96|0x0000000086000000, 0x0000000086100000, 0x0000000086100000|100%| E|CS|TAMS 0x0000000086000000, 0x0000000086000000| Complete 
|  97|0x0000000086100000, 0x0000000086200000, 0x0000000086200000|100%| E|CS|TAMS 0x0000000086100000, 0x0000000086100000| Complete 
|  98|0x0000000086200000, 0x0000000086300000, 0x0000000086300000|100%| E|CS|TAMS 0x0000000086200000, 0x0000000086200000| Complete 
|  99|0x0000000086300000, 0x0000000086400000, 0x0000000086400000|100%| E|CS|TAMS 0x0000000086300000, 0x0000000086300000| Complete 
| 100|0x0000000086400000, 0x0000000086500000, 0x0000000086500000|100%| E|CS|TAMS 0x0000000086400000, 0x0000000086400000| Complete 
| 101|0x0000000086500000, 0x0000000086600000, 0x0000000086600000|100%| E|CS|TAMS 0x0000000086500000, 0x0000000086500000| Complete 
| 102|0x0000000086600000, 0x0000000086700000, 0x0000000086700000|100%| E|CS|TAMS 0x0000000086600000, 0x0000000086600000| Complete 
| 103|0x0000000086700000, 0x0000000086800000, 0x0000000086800000|100%| E|CS|TAMS 0x0000000086700000, 0x0000000086700000| Complete 
| 104|0x0000000086800000, 0x0000000086900000, 0x0000000086900000|100%| E|CS|TAMS 0x0000000086800000, 0x0000000086800000| Complete 
| 105|0x0000000086900000, 0x0000000086a00000, 0x0000000086a00000|100%| E|CS|TAMS 0x0000000086900000, 0x0000000086900000| Complete 
| 106|0x0000000086a00000, 0x0000000086b00000, 0x0000000086b00000|100%| E|CS|TAMS 0x0000000086a00000, 0x0000000086a00000| Complete 
| 107|0x0000000086b00000, 0x0000000086c00000, 0x0000000086c00000|100%| E|CS|TAMS 0x0000000086b00000, 0x0000000086b00000| Complete 
| 108|0x0000000086c00000, 0x0000000086d00000, 0x0000000086d00000|100%| E|CS|TAMS 0x0000000086c00000, 0x0000000086c00000| Complete 
| 109|0x0000000086d00000, 0x0000000086e00000, 0x0000000086e00000|100%| E|CS|TAMS 0x0000000086d00000, 0x0000000086d00000| Complete 
| 110|0x0000000086e00000, 0x0000000086f00000, 0x0000000086f00000|100%| E|CS|TAMS 0x0000000086e00000, 0x0000000086e00000| Complete 
| 111|0x0000000086f00000, 0x0000000087000000, 0x0000000087000000|100%| E|CS|TAMS 0x0000000086f00000, 0x0000000086f00000| Complete 
| 112|0x0000000087000000, 0x0000000087100000, 0x0000000087100000|100%| E|CS|TAMS 0x0000000087000000, 0x0000000087000000| Complete 
| 113|0x0000000087100000, 0x0000000087200000, 0x0000000087200000|100%| E|CS|TAMS 0x0000000087100000, 0x0000000087100000| Complete 
| 114|0x0000000087200000, 0x0000000087300000, 0x0000000087300000|100%| E|CS|TAMS 0x0000000087200000, 0x0000000087200000| Complete 
| 115|0x0000000087300000, 0x0000000087400000, 0x0000000087400000|100%| E|CS|TAMS 0x0000000087300000, 0x0000000087300000| Complete 
| 116|0x0000000087400000, 0x0000000087500000, 0x0000000087500000|100%| E|CS|TAMS 0x0000000087400000, 0x0000000087400000| Complete 
| 117|0x0000000087500000, 0x0000000087600000, 0x0000000087600000|100%| E|CS|TAMS 0x0000000087500000, 0x0000000087500000| Complete 
| 118|0x0000000087600000, 0x0000000087700000, 0x0000000087700000|100%| E|CS|TAMS 0x0000000087600000, 0x0000000087600000| Complete 
| 119|0x0000000087700000, 0x0000000087800000, 0x0000000087800000|100%| E|CS|TAMS 0x0000000087700000, 0x0000000087700000| Complete 
| 120|0x0000000087800000, 0x0000000087900000, 0x0000000087900000|100%| E|CS|TAMS 0x0000000087800000, 0x0000000087800000| Complete 
| 121|0x0000000087900000, 0x0000000087a00000, 0x0000000087a00000|100%| E|CS|TAMS 0x0000000087900000, 0x0000000087900000| Complete 
| 122|0x0000000087a00000, 0x0000000087b00000, 0x0000000087b00000|100%| E|CS|TAMS 0x0000000087a00000, 0x0000000087a00000| Complete 
| 123|0x0000000087b00000, 0x0000000087c00000, 0x0000000087c00000|100%| E|CS|TAMS 0x0000000087b00000, 0x0000000087b00000| Complete 
| 124|0x0000000087c00000, 0x0000000087d00000, 0x0000000087d00000|100%| E|CS|TAMS 0x0000000087c00000, 0x0000000087c00000| Complete 
| 125|0x0000000087d00000, 0x0000000087e00000, 0x0000000087e00000|100%| E|CS|TAMS 0x0000000087d00000, 0x0000000087d00000| Complete 
| 126|0x0000000087e00000, 0x0000000087f00000, 0x0000000087f00000|100%| E|CS|TAMS 0x0000000087e00000, 0x0000000087e00000| Complete 
| 127|0x0000000087f00000, 0x0000000088000000, 0x0000000088000000|100%| E|CS|TAMS 0x0000000087f00000, 0x0000000087f00000| Complete 

Card table byte_map: [0x00000212e1e00000,0x00000212e2200000] _byte_map_base: 0x00000212e1a00000

Marking Bits (Prev, Next): (CMBitMap*) 0x00000212cce3a760, (CMBitMap*) 0x00000212cce3a728
 Prev Bits: [0x00000212e4600000, 0x00000212e6600000)
 Next Bits: [0x00000212e2600000, 0x00000212e4600000)

Polling page: 0x00000212cced0000

Metaspace:

Usage:
  Non-class:     27.48 MB capacity,    27.05 MB ( 98%) used,   381.38 KB (  1%) free+waste,    57.69 KB ( <1%) overhead. 
      Class:      4.26 MB capacity,     4.03 MB ( 95%) used,   205.61 KB (  5%) free+waste,    28.13 KB ( <1%) overhead. 
       Both:     31.73 MB capacity,    31.08 MB ( 98%) used,   586.98 KB (  2%) free+waste,    85.81 KB ( <1%) overhead. 

Virtual space:
  Non-class space:       28.00 MB reserved,      27.50 MB ( 98%) committed 
      Class space:        1.00 GB reserved,       4.38 MB ( <1%) committed 
             Both:        1.03 GB reserved,      31.88 MB (  3%) committed 

Chunk freelists:
   Non-Class:  24.00 KB
       Class:  25.00 KB
        Both:  49.00 KB

MaxMetaspaceSize: 17179869184.00 GB
CompressedClassSpaceSize: 1.00 GB

CodeHeap 'non-profiled nmethods': size=120000Kb used=1173Kb max_used=1173Kb free=118826Kb
 bounds [0x00000212d9a60000, 0x00000212d9cd0000, 0x00000212e0f90000]
CodeHeap 'profiled nmethods': size=120000Kb used=4896Kb max_used=4896Kb free=115103Kb
 bounds [0x00000212d2530000, 0x00000212d2a00000, 0x00000212d9a60000]
CodeHeap 'non-nmethods': size=5760Kb used=1152Kb max_used=1179Kb free=4607Kb
 bounds [0x00000212d1f90000, 0x00000212d2200000, 0x00000212d2530000]
 total_blobs=2852 nmethods=2358 adapters=405
 compilation: enabled
              stopped_count=0, restarted_count=0
 full_count=0

Compilation events (20 events):
Event: 17.010 Thread 0x00000212e996a800 2554       3       java.lang.PublicMethods$MethodList::filter (104 bytes)
Event: 17.011 Thread 0x00000212e996a800 nmethod 2554 0x00000212d29e3b90 code [0x00000212d29e3e00, 0x00000212d29e4978]
Event: 17.011 Thread 0x00000212e996a800 2555       3       java.lang.PublicMethods$MethodList::getMostSpecific (63 bytes)
Event: 17.011 Thread 0x00000212e996a800 nmethod 2555 0x00000212d29e4e90 code [0x00000212d29e5060, 0x00000212d29e5368]
Event: 17.011 Thread 0x00000212e996a800 2556       3       org.codehaus.groovy.util.ManagedReference::<init> (40 bytes)
Event: 17.012 Thread 0x00000212e996a800 nmethod 2556 0x00000212d29e5510 code [0x00000212d29e5700, 0x00000212d29e5b98]
Event: 17.014 Thread 0x00000212e996a800 2557       3       org.codehaus.groovy.util.LockableObject::lock (25 bytes)
Event: 17.015 Thread 0x00000212e996a800 nmethod 2557 0x00000212d29e5d10 code [0x00000212d29e5f80, 0x00000212d29e6978]
Event: 17.015 Thread 0x00000212e996a800 2558       3       java.util.concurrent.atomic.AtomicInteger::incrementAndGet (14 bytes)
Event: 17.015 Thread 0x00000212e996a800 nmethod 2558 0x00000212d29e6d10 code [0x00000212d29e6ec0, 0x00000212d29e6fd8]
Event: 17.015 Thread 0x00000212e996a800 2559       3       org.codehaus.groovy.util.LockableObject::unlock (7 bytes)
Event: 17.016 Thread 0x00000212e996a800 nmethod 2559 0x00000212d29e7090 code [0x00000212d29e7260, 0x00000212d29e7578]
Event: 17.017 Thread 0x00000212e996a800 2560       3       java.lang.ClassValue$Entry::version (8 bytes)
Event: 17.017 Thread 0x00000212e996a800 nmethod 2560 0x00000212d29e7690 code [0x00000212d29e7840, 0x00000212d29e7ad8]
Event: 17.018 Thread 0x00000212e996a800 2561       3       java.lang.Class::getMethod (59 bytes)
Event: 17.019 Thread 0x00000212e996a800 nmethod 2561 0x00000212d29e7b90 code [0x00000212d29e7e60, 0x00000212d29e8a88]
Event: 17.019 Thread 0x00000212e996a800 2562       3       java.lang.Class::getMethod0 (31 bytes)
Event: 17.020 Thread 0x00000212e996a800 nmethod 2562 0x00000212d29e8f10 code [0x00000212d29e90e0, 0x00000212d29e92f8]
Event: 17.042 Thread 0x00000212e996a800 2563       1       java.util.logging.LogManager$LoggerContext::getOwner (5 bytes)
Event: 17.042 Thread 0x00000212e996a800 nmethod 2563 0x00000212d9b84590 code [0x00000212d9b84740, 0x00000212d9b847f8]

GC Heap History (8 events):
Event: 1.099 GC heap before
{Heap before GC invocations=0 (full 0):
 garbage-first heap   total 131072K, used 29696K [0x0000000080000000, 0x0000000100000000)
  region size 1024K, 24 young (24576K), 0 survivors (0K)
 Metaspace       used 10395K, capacity 10640K, committed 11008K, reserved 1058816K
  class space    used 1098K, capacity 1164K, committed 1280K, reserved 1048576K
}
Event: 1.107 GC heap after
{Heap after GC invocations=1 (full 0):
 garbage-first heap   total 131072K, used 8834K [0x0000000080000000, 0x0000000100000000)
  region size 1024K, 3 young (3072K), 3 survivors (3072K)
 Metaspace       used 10395K, capacity 10640K, committed 11008K, reserved 1058816K
  class space    used 1098K, capacity 1164K, committed 1280K, reserved 1048576K
}
Event: 3.403 GC heap before
{Heap before GC invocations=1 (full 0):
 garbage-first heap   total 131072K, used 82562K [0x0000000080000000, 0x0000000100000000)
  region size 1024K, 76 young (77824K), 3 survivors (3072K)
 Metaspace       used 19020K, capacity 19466K, committed 19712K, reserved 1067008K
  class space    used 2313K, capacity 2457K, committed 2560K, reserved 1048576K
}
Event: 3.411 GC heap after
{Heap after GC invocations=2 (full 0):
 garbage-first heap   total 131072K, used 16207K [0x0000000080000000, 0x0000000100000000)
  region size 1024K, 10 young (10240K), 10 survivors (10240K)
 Metaspace       used 19020K, capacity 19466K, committed 19712K, reserved 1067008K
  class space    used 2313K, capacity 2457K, committed 2560K, reserved 1048576K
}
Event: 3.663 GC heap before
{Heap before GC invocations=2 (full 0):
 garbage-first heap   total 131072K, used 27471K [0x0000000080000000, 0x0000000100000000)
  region size 1024K, 22 young (22528K), 10 survivors (10240K)
 Metaspace       used 20612K, capacity 21105K, committed 21248K, reserved 1067008K
  class space    used 2532K, capacity 2710K, committed 2816K, reserved 1048576K
}
Event: 3.672 GC heap after
{Heap after GC invocations=3 (full 0):
 garbage-first heap   total 131072K, used 16383K [0x0000000080000000, 0x0000000100000000)
  region size 1024K, 1 young (1024K), 1 survivors (1024K)
 Metaspace       used 20612K, capacity 21105K, committed 21248K, reserved 1067008K
  class space    used 2532K, capacity 2710K, committed 2816K, reserved 1048576K
}
Event: 6.732 GC heap before
{Heap before GC invocations=4 (full 0):
 garbage-first heap   total 131072K, used 62463K [0x0000000080000000, 0x0000000100000000)
  region size 1024K, 46 young (47104K), 1 survivors (1024K)
 Metaspace       used 25840K, capacity 26447K, committed 26752K, reserved 1073152K
  class space    used 3369K, capacity 3600K, committed 3712K, reserved 1048576K
}
Event: 6.736 GC heap after
{Heap after GC invocations=5 (full 0):
 garbage-first heap   total 131072K, used 17943K [0x0000000080000000, 0x0000000100000000)
  region size 1024K, 3 young (3072K), 3 survivors (3072K)
 Metaspace       used 25840K, capacity 26447K, committed 26752K, reserved 1073152K
  class space    used 3369K, capacity 3600K, committed 3712K, reserved 1048576K
}

Deoptimization events (20 events):
Event: 13.342 Thread 0x00000212eb592800 Uncommon trap: trap_request=0xffffff4d fr.pc=0x00000212d9b43e50 relative=0x00000000000001f0
Event: 13.342 Thread 0x00000212eb592800 Uncommon trap: reason=unstable_if action=reinterpret pc=0x00000212d9b43e50 method=java.util.HashMap.putVal(ILjava/lang/Object;Ljava/lang/Object;ZZ)Ljava/lang/Object; @ 162 c2
Event: 13.342 Thread 0x00000212eb592800 DEOPT PACKING pc=0x00000212d9b43e50 sp=0x0000008d95afa8e0
Event: 13.342 Thread 0x00000212eb592800 DEOPT UNPACKING pc=0x00000212d1fb742f sp=0x0000008d95afa860 mode 2
Event: 16.921 Thread 0x00000212eb592800 Uncommon trap: trap_request=0xffffffde fr.pc=0x00000212d9b277c0 relative=0x00000000000010e0
Event: 16.922 Thread 0x00000212eb592800 Uncommon trap: reason=class_check action=maybe_recompile pc=0x00000212d9b277c0 method=java.io.BufferedInputStream.read([BII)I @ 101 c2
Event: 16.922 Thread 0x00000212eb592800 DEOPT PACKING pc=0x00000212d9b277c0 sp=0x0000008d95af9760
Event: 16.922 Thread 0x00000212eb592800 DEOPT UNPACKING pc=0x00000212d1fb742f sp=0x0000008d95af9620 mode 2
Event: 16.923 Thread 0x00000212eb592800 Uncommon trap: trap_request=0xffffffde fr.pc=0x00000212d9b277c0 relative=0x00000000000010e0
Event: 16.923 Thread 0x00000212eb592800 Uncommon trap: reason=class_check action=maybe_recompile pc=0x00000212d9b277c0 method=java.io.BufferedInputStream.read([BII)I @ 101 c2
Event: 16.923 Thread 0x00000212eb592800 DEOPT PACKING pc=0x00000212d9b277c0 sp=0x0000008d95af9760
Event: 16.923 Thread 0x00000212eb592800 DEOPT UNPACKING pc=0x00000212d1fb742f sp=0x0000008d95af9620 mode 2
Event: 16.924 Thread 0x00000212eb592800 Uncommon trap: trap_request=0xffffffde fr.pc=0x00000212d9b277c0 relative=0x00000000000010e0
Event: 16.924 Thread 0x00000212eb592800 Uncommon trap: reason=class_check action=maybe_recompile pc=0x00000212d9b277c0 method=java.io.BufferedInputStream.read([BII)I @ 101 c2
Event: 16.924 Thread 0x00000212eb592800 DEOPT PACKING pc=0x00000212d9b277c0 sp=0x0000008d95af9760
Event: 16.924 Thread 0x00000212eb592800 DEOPT UNPACKING pc=0x00000212d1fb742f sp=0x0000008d95af9620 mode 2
Event: 16.926 Thread 0x00000212eb592800 Uncommon trap: trap_request=0xffffffde fr.pc=0x00000212d9b277c0 relative=0x00000000000010e0
Event: 16.926 Thread 0x00000212eb592800 Uncommon trap: reason=class_check action=maybe_recompile pc=0x00000212d9b277c0 method=java.io.BufferedInputStream.read([BII)I @ 101 c2
Event: 16.926 Thread 0x00000212eb592800 DEOPT PACKING pc=0x00000212d9b277c0 sp=0x0000008d95af9760
Event: 16.926 Thread 0x00000212eb592800 DEOPT UNPACKING pc=0x00000212d1fb742f sp=0x0000008d95af9620 mode 2

Classes redefined (0 events):
No events

Internal exceptions (20 events):
Event: 3.884 Thread 0x00000212eb592800 Exception <a 'java/lang/NoSuchMethodError'{0x0000000087115518}: 'java.lang.Object java.lang.invoke.DirectMethodHandle$Holder.invokeVirtual(java.lang.Object, java.lang.Object, java.lang.Object, java.lang.Object)'> (0x0000000087115518) thrown at [./src/hotspot/share/interpreter/linkResolver.cpp, line 773]
Event: 4.235 Thread 0x00000212eb592800 Exception <a 'java/lang/NoSuchMethodError'{0x00000000865c4458}: 'void java.lang.invoke.DirectMethodHandle$Holder.invokeSpecial(java.lang.Object, java.lang.Object, java.lang.Object, java.lang.Object, java.lang.Object, java.lang.Object)'> (0x00000000865c4458) thrown at [./src/hotspot/share/interpreter/linkResolver.cpp, line 773]
Event: 4.284 Thread 0x00000212eb592800 Exception <a 'java/lang/NoSuchMethodError'{0x000000008636d5c8}: 'java.lang.Object java.lang.invoke.Invokers$Holder.invoker(java.lang.Object, java.lang.Object, java.lang.Object)'> (0x000000008636d5c8) thrown at [./src/hotspot/share/interpreter/linkResolver.cpp, line 773]
Event: 4.338 Thread 0x00000212eb592800 Exception <a 'java/lang/NoSuchMethodError'{0x000000008626cb40}: 'void java.lang.invoke.DirectMethodHandle$Holder.invokeSpecial(java.lang.Object, java.lang.Object, java.lang.Object, java.lang.Object, java.lang.Object, java.lang.Object, java.lang.Object)'> (0x000000008626cb40) thrown at [./src/hotspot/share/interpreter/linkResolver.cpp, line 773]
Event: 4.339 Thread 0x00000212eb592800 Exception <a 'java/lang/NoSuchMethodError'{0x0000000086274d88}: 'java.lang.Object java.lang.invoke.Invokers$Holder.linkToTargetMethod(java.lang.Object, java.lang.Object, java.lang.Object, java.lang.Object, java.lang.Object, java.lang.Object)'> (0x0000000086274d88) thrown at [./src/hotspot/share/interpreter/linkResolver.cpp, line 773]
Event: 4.373 Thread 0x00000212eb592800 Exception <a 'java/lang/NoSuchMethodError'{0x00000000861983f0}: 'java.lang.Object java.lang.invoke.DirectMethodHandle$Holder.invokeVirtual(java.lang.Object, java.lang.Object, java.lang.Object, java.lang.Object, java.lang.Object, java.lang.Object, java.lang.Object, java.lang.Object, java.lang.Object, java.lang.Object, java.lang.Object, java.lang.Object, java.lang.Object, java.lang.Object, java.lang.Object, java.lang.Object, java.lang.Object)'> (0x00000000861983f0) thrown at [./src/hotspot/share/interpreter/
Event: 4.392 Thread 0x00000212eb592800 Exception <a 'java/lang/NoSuchMethodError'{0x00000000861c8c78}: 'java.lang.Object java.lang.invoke.DirectMethodHandle$Holder.invokeSpecial(java.lang.Object, java.lang.Object, java.lang.Object, java.lang.Object, java.lang.Object, java.lang.Object, java.lang.Object, java.lang.Object, java.lang.Object)'> (0x00000000861c8c78) thrown at [./src/hotspot/share/interpreter/linkResolver.cpp, line 773]
Event: 5.673 Thread 0x00000212eb592800 Exception <a 'java/lang/NoSuchMethodError'{0x000000008571c340}: 'java.lang.Object java.lang.invoke.DirectMethodHandle$Holder.invokeStatic(java.lang.Object, java.lang.Object, java.lang.Object, int, java.lang.Object, java.lang.Object)'> (0x000000008571c340) thrown at [./src/hotspot/share/interpreter/linkResolver.cpp, line 773]
Event: 5.675 Thread 0x00000212eb592800 Exception <a 'java/lang/NoSuchMethodError'{0x00000000857236a8}: 'java.lang.Object java.lang.invoke.Invokers$Holder.linkToTargetMethod(java.lang.Object, java.lang.Object, int, java.lang.Object, java.lang.Object, java.lang.Object)'> (0x00000000857236a8) thrown at [./src/hotspot/share/interpreter/linkResolver.cpp, line 773]
Event: 5.849 Thread 0x00000212eb592800 Exception <a 'java/lang/NoSuchMethodError'{0x00000000856a7990}: 'void java.lang.invoke.DirectMethodHandle$Holder.invokeSpecial(java.lang.Object, java.lang.Object, java.lang.Object, java.lang.Object)'> (0x00000000856a7990) thrown at [./src/hotspot/share/interpreter/linkResolver.cpp, line 773]
Event: 7.012 Thread 0x00000212eb592800 Implicit null exception at 0x00000212d9b4af75 to 0x00000212d9b4b13c
Event: 7.082 Thread 0x00000212eb592800 Implicit null exception at 0x00000212d9b48daf to 0x00000212d9b48e1d
Event: 7.459 Thread 0x00000212eb592800 Exception <a 'java/lang/NoSuchMethodError'{0x00000000879126b0}: 'java.lang.Object java.lang.invoke.DirectMethodHandle$Holder.invokeSpecialIFC(java.lang.Object, java.lang.Object, java.lang.Object, java.lang.Object)'> (0x00000000879126b0) thrown at [./src/hotspot/share/interpreter/linkResolver.cpp, line 773]
Event: 7.480 Thread 0x00000212eb592800 Exception <a 'java/lang/NoSuchMethodError'{0x00000000879ce4a8}: 'java.lang.Object java.lang.invoke.DirectMethodHandle$Holder.invokeSpecial(java.lang.Object, java.lang.Object, java.lang.Object, java.lang.Object, java.lang.Object, java.lang.Object, java.lang.Object, java.lang.Object, java.lang.Object, java.lang.Object, java.lang.Object, java.lang.Object, java.lang.Object)'> (0x00000000879ce4a8) thrown at [./src/hotspot/share/interpreter/linkResolver.cpp, line 773]
Event: 7.482 Thread 0x00000212eb592800 Exception <a 'java/lang/NoSuchMethodError'{0x00000000879df730}: 'java.lang.Object java.lang.invoke.DirectMethodHandle$Holder.invokeSpecial(java.lang.Object, java.lang.Object, java.lang.Object, java.lang.Object, java.lang.Object, java.lang.Object, java.lang.Object, java.lang.Object, java.lang.Object, java.lang.Object, java.lang.Object, java.lang.Object)'> (0x00000000879df730) thrown at [./src/hotspot/share/interpreter/linkResolver.cpp, line 773]
Event: 7.483 Thread 0x00000212eb592800 Exception <a 'java/lang/NoSuchMethodError'{0x00000000879e4858}: 'java.lang.Object java.lang.invoke.Invokers$Holder.linkToTargetMethod(java.lang.Object, java.lang.Object, java.lang.Object, java.lang.Object, java.lang.Object, java.lang.Object, java.lang.Object, java.lang.Object, java.lang.Object, java.lang.Object, java.lang.Object)'> (0x00000000879e4858) thrown at [./src/hotspot/share/interpreter/linkResolver.cpp, line 773]
Event: 7.687 Thread 0x00000212eb592800 Exception <a 'java/lang/NoSuchMethodError'{0x00000000878db660}: 'java.lang.Object java.lang.invoke.DirectMethodHandle$Holder.invokeSpecial(java.lang.Object, java.lang.Object, java.lang.Object, java.lang.Object, java.lang.Object, java.lang.Object, java.lang.Object, java.lang.Object, java.lang.Object, java.lang.Object, java.lang.Object, java.lang.Object, java.lang.Object, java.lang.Object)'> (0x00000000878db660) thrown at [./src/hotspot/share/interpreter/linkResolver.cpp, line 773]
Event: 7.688 Thread 0x00000212eb592800 Exception <a 'java/lang/NoSuchMethodError'{0x00000000878ecc58}: 'java.lang.Object java.lang.invoke.Invokers$Holder.linkToTargetMethod(java.lang.Object, java.lang.Object, java.lang.Object, java.lang.Object, java.lang.Object, java.lang.Object, java.lang.Object, java.lang.Object, java.lang.Object, java.lang.Object, java.lang.Object, java.lang.Object)'> (0x00000000878ecc58) thrown at [./src/hotspot/share/interpreter/linkResolver.cpp, line 773]
Event: 7.724 Thread 0x00000212eb592800 Exception <a 'java/lang/NoSuchMethodError'{0x0000000087765b90}: 'java.lang.Object java.lang.invoke.DirectMethodHandle$Holder.invokeStaticInit(java.lang.Object, java.lang.Object, java.lang.Object, java.lang.Object)'> (0x0000000087765b90) thrown at [./src/hotspot/share/interpreter/linkResolver.cpp, line 773]
Event: 12.017 Thread 0x00000212eb592800 Exception <a 'java/lang/NoSuchMethodError'{0x000000008639fb80}: 'void java.lang.invoke.DirectMethodHandle$Holder.invokeStaticInit(java.lang.Object, java.lang.Object)'> (0x000000008639fb80) thrown at [./src/hotspot/share/interpreter/linkResolver.cpp, line 773]

Events (20 events):
Event: 17.052 loading class org/codehaus/groovy/runtime/dgmimpl/arrays/FloatArrayGetAtMetaMethod
Event: 17.052 loading class org/codehaus/groovy/runtime/dgmimpl/arrays/FloatArrayGetAtMetaMethod done
Event: 17.052 loading class org/codehaus/groovy/runtime/dgmimpl/arrays/FloatArrayPutAtMetaMethod
Event: 17.052 loading class org/codehaus/groovy/runtime/dgmimpl/arrays/FloatArrayPutAtMetaMethod done
Event: 17.052 loading class org/codehaus/groovy/runtime/dgmimpl/arrays/DoubleArrayGetAtMetaMethod
Event: 17.052 loading class org/codehaus/groovy/runtime/dgmimpl/arrays/DoubleArrayGetAtMetaMethod done
Event: 17.053 loading class org/codehaus/groovy/runtime/dgmimpl/arrays/DoubleArrayPutAtMetaMethod
Event: 17.053 loading class org/codehaus/groovy/runtime/dgmimpl/arrays/DoubleArrayPutAtMetaMethod done
Event: 17.053 loading class org/codehaus/groovy/runtime/EncodingGroovyMethods
Event: 17.053 loading class org/codehaus/groovy/runtime/EncodingGroovyMethods done
Event: 17.054 loading class org/codehaus/groovy/runtime/IOGroovyMethods
Event: 17.054 loading class org/codehaus/groovy/runtime/IOGroovyMethods done
Event: 17.055 loading class org/codehaus/groovy/runtime/ProcessGroovyMethods
Event: 17.055 loading class org/codehaus/groovy/runtime/ProcessGroovyMethods done
Event: 17.056 loading class org/codehaus/groovy/runtime/ResourceGroovyMethods
Event: 17.056 loading class org/codehaus/groovy/runtime/ResourceGroovyMethods done
Event: 17.057 loading class org/codehaus/groovy/runtime/SocketGroovyMethods
Event: 17.057 loading class org/codehaus/groovy/runtime/SocketGroovyMethods done
Event: 17.058 loading class org/codehaus/groovy/runtime/StringGroovyMethods
Event: 17.058 loading class org/codehaus/groovy/runtime/StringGroovyMethods done


Dynamic libraries:
0x00007ff618b50000 - 0x00007ff618b5a000 	C:\Program Files\Android\Android Studio\jre\bin\java.exe
0x00007ffd40ea0000 - 0x00007ffd41081000 	C:\Windows\SYSTEM32\ntdll.dll
0x00007ffd3ead0000 - 0x00007ffd3eb82000 	C:\Windows\System32\KERNEL32.DLL
0x00007ffd3da80000 - 0x00007ffd3dcf3000 	C:\Windows\System32\KERNELBASE.dll
0x00007ffd3d980000 - 0x00007ffd3da7a000 	C:\Windows\System32\ucrtbase.dll
0x00007ffd342f0000 - 0x00007ffd34307000 	C:\Program Files\Android\Android Studio\jre\bin\VCRUNTIME140.dll
0x00007ffd377b0000 - 0x00007ffd377c9000 	C:\Program Files\Android\Android Studio\jre\bin\jli.dll
0x00007ffd40610000 - 0x00007ffd407a0000 	C:\Windows\System32\USER32.dll
0x00007ffd3e2c0000 - 0x00007ffd3e2e0000 	C:\Windows\System32\win32u.dll
0x00007ffd2b190000 - 0x00007ffd2b3f9000 	C:\Windows\WinSxS\amd64_microsoft.windows.common-controls_6595b64144ccf1df_6.0.17134.1_none_e4da93291059d8fb\COMCTL32.dll
0x00007ffd3f130000 - 0x00007ffd3f158000 	C:\Windows\System32\GDI32.dll
0x00007ffd3f010000 - 0x00007ffd3f0ae000 	C:\Windows\System32\msvcrt.dll
0x00007ffd3e0c0000 - 0x00007ffd3e252000 	C:\Windows\System32\gdi32full.dll
0x00007ffd40a80000 - 0x00007ffd40da3000 	C:\Windows\System32\combase.dll
0x00007ffd3e020000 - 0x00007ffd3e0bf000 	C:\Windows\System32\msvcp_win.dll
0x00007ffd40800000 - 0x00007ffd40924000 	C:\Windows\System32\RPCRT4.dll
0x00007ffd3dd00000 - 0x00007ffd3dd7a000 	C:\Windows\System32\bcryptPrimitives.dll
0x00007ffd3eb90000 - 0x00007ffd3ebbd000 	C:\Windows\System32\IMM32.DLL
0x00007ffd2c3f0000 - 0x00007ffd2c48d000 	C:\Program Files\Android\Android Studio\jre\bin\msvcp140.dll
0x00007ffd2cfe0000 - 0x00007ffd2da9c000 	C:\Program Files\Android\Android Studio\jre\bin\server\jvm.dll
0x00007ffd40db0000 - 0x00007ffd40e51000 	C:\Windows\System32\ADVAPI32.dll
0x00007ffd3e330000 - 0x00007ffd3e38b000 	C:\Windows\System32\sechost.dll
0x00007ffd405a0000 - 0x00007ffd405a8000 	C:\Windows\System32\PSAPI.DLL
0x00007ffd2ad20000 - 0x00007ffd2ad29000 	C:\Windows\SYSTEM32\WSOCK32.dll
0x00007ffd3a050000 - 0x00007ffd3a073000 	C:\Windows\SYSTEM32\WINMM.dll
0x00007ffd32a70000 - 0x00007ffd32a7a000 	C:\Windows\SYSTEM32\VERSION.dll
0x00007ffd3a020000 - 0x00007ffd3a04a000 	C:\Windows\SYSTEM32\WINMMBASE.dll
0x00007ffd3e2e0000 - 0x00007ffd3e329000 	C:\Windows\System32\cfgmgr32.dll
0x00007ffd40a00000 - 0x00007ffd40a6c000 	C:\Windows\System32\WS2_32.dll
0x00007ffd3d1b0000 - 0x00007ffd3d1c1000 	C:\Windows\System32\kernel.appcore.dll
0x00007ffd39e30000 - 0x00007ffd39e41000 	C:\Program Files\Android\Android Studio\jre\bin\verify.dll
0x00007ffd31b50000 - 0x00007ffd31d19000 	C:\Windows\SYSTEM32\DBGHELP.DLL
0x00007ffd31680000 - 0x00007ffd316a9000 	C:\Windows\SYSTEM32\dbgcore.DLL
0x00007ffd39e00000 - 0x00007ffd39e29000 	C:\Program Files\Android\Android Studio\jre\bin\java.dll
0x00007ffd39df0000 - 0x00007ffd39dfb000 	C:\Program Files\Android\Android Studio\jre\bin\jimage.dll
0x00007ffd39dd0000 - 0x00007ffd39de8000 	C:\Program Files\Android\Android Studio\jre\bin\zip.dll
0x00007ffd3f160000 - 0x00007ffd405a0000 	C:\Windows\System32\SHELL32.dll
0x00007ffd3ebc0000 - 0x00007ffd3ec69000 	C:\Windows\System32\shcore.dll
0x00007ffd3d270000 - 0x00007ffd3d97d000 	C:\Windows\System32\windows.storage.dll
0x00007ffd3f0d0000 - 0x00007ffd3f121000 	C:\Windows\System32\shlwapi.dll
0x00007ffd3d1f0000 - 0x00007ffd3d20f000 	C:\Windows\System32\profapi.dll
0x00007ffd3d220000 - 0x00007ffd3d26c000 	C:\Windows\System32\powrprof.dll
0x00007ffd3d210000 - 0x00007ffd3d21a000 	C:\Windows\System32\FLTLIB.DLL
0x00007ffd39db0000 - 0x00007ffd39dca000 	C:\Program Files\Android\Android Studio\jre\bin\net.dll
0x00007ffd36c90000 - 0x00007ffd36d6d000 	C:\Windows\SYSTEM32\WINHTTP.dll
0x00007ffd3c9d0000 - 0x00007ffd3ca36000 	C:\Windows\system32\mswsock.dll
0x00007ffd39d90000 - 0x00007ffd39da4000 	C:\Program Files\Android\Android Studio\jre\bin\nio.dll
0x00007ffd2cc90000 - 0x00007ffd2ccb7000 	C:\Users\Admin\.gradle\native\fdc75f09e3144964f2cf3f50f0aa648679c211496f362492102eb8c894070792\windows-amd64\native-platform.dll
0x00007ffd1add0000 - 0x00007ffd1af66000 	C:\Users\Admin\.gradle\native\12488b8bf47d2d4c9fbf2f6322a914ad602e24e48041cd04a747c6da556b65c4\windows-amd64\native-platform-file-events.dll
0x00007ffd39d80000 - 0x00007ffd39d8a000 	C:\Program Files\Android\Android Studio\jre\bin\management.dll
0x00007ffd39d70000 - 0x00007ffd39d7c000 	C:\Program Files\Android\Android Studio\jre\bin\management_ext.dll
0x00007ffd3cb90000 - 0x00007ffd3cba7000 	C:\Windows\SYSTEM32\CRYPTSP.dll
0x00007ffd3c5b0000 - 0x00007ffd3c5e3000 	C:\Windows\system32\rsaenh.dll
0x00007ffd3ccb0000 - 0x00007ffd3ccd5000 	C:\Windows\SYSTEM32\bcrypt.dll
0x00007ffd3d0e0000 - 0x00007ffd3d108000 	C:\Windows\SYSTEM32\USERENV.dll
0x00007ffd3cb80000 - 0x00007ffd3cb8b000 	C:\Windows\SYSTEM32\CRYPTBASE.dll
0x00007ffd3c750000 - 0x00007ffd3c788000 	C:\Windows\SYSTEM32\IPHLPAPI.DLL
0x00007ffd40e60000 - 0x00007ffd40e68000 	C:\Windows\System32\NSI.dll
0x00007ffd36c20000 - 0x00007ffd36c36000 	C:\Windows\SYSTEM32\dhcpcsvc6.DLL
0x00007ffd36a00000 - 0x00007ffd36a1a000 	C:\Windows\SYSTEM32\dhcpcsvc.DLL
0x00007ffd36e00000 - 0x00007ffd36e0b000 	C:\Windows\SYSTEM32\WINNSI.DLL

dbghelp: loaded successfully - version: 4.0.5 - missing functions: none
symbol engine: initialized successfully - sym options: 0x614 - pdb path: .;C:\Program Files\Android\Android Studio\jre\bin;C:\Windows\SYSTEM32;C:\Windows\WinSxS\amd64_microsoft.windows.common-controls_6595b64144ccf1df_6.0.17134.1_none_e4da93291059d8fb;C:\Program Files\Android\Android Studio\jre\bin\server;C:\Users\Admin\.gradle\native\fdc75f09e3144964f2cf3f50f0aa648679c211496f362492102eb8c894070792\windows-amd64;C:\Users\Admin\.gradle\native\12488b8bf47d2d4c9fbf2f6322a914ad602e24e48041cd04a747c6da556b65c4\windows-amd64

VM Arguments:
jvm_args: --add-opens=java.base/java.util=ALL-UNNAMED --add-opens=java.base/java.lang=ALL-UNNAMED --add-opens=java.base/java.lang.invoke=ALL-UNNAMED --add-opens=java.prefs/java.util.prefs=ALL-UNNAMED -Xmx2048m -Dfile.encoding=UTF-8 -Duser.country=US -Duser.language=en -Duser.variant 
java_command: org.gradle.launcher.daemon.bootstrap.GradleDaemon 6.7.1
java_class_path (initial): C:\Users\Admin\.gradle\wrapper\dists\gradle-6.7.1-bin\bwlcbys1h7rz3272sye1xwiv6\gradle-6.7.1\lib\gradle-launcher-6.7.1.jar
Launcher Type: SUN_STANDARD

[Global flags]
     intx CICompilerCount                          = 4                                         {product} {ergonomic}
     uint ConcGCThreads                            = 2                                         {product} {ergonomic}
     uint G1ConcRefinementThreads                  = 8                                         {product} {ergonomic}
   size_t G1HeapRegionSize                         = 1048576                                   {product} {ergonomic}
    uintx GCDrainStackTargetSize                   = 64                                        {product} {ergonomic}
   size_t InitialHeapSize                          = 134217728                                 {product} {ergonomic}
   size_t MarkStackSize                            = 4194304                                   {product} {ergonomic}
   size_t MaxHeapSize                              = 2147483648                                {product} {command line}
   size_t MaxNewSize                               = 1287651328                                {product} {ergonomic}
   size_t MinHeapDeltaBytes                        = 1048576                                   {product} {ergonomic}
    uintx NonNMethodCodeHeapSize                   = 5836300                                {pd product} {ergonomic}
    uintx NonProfiledCodeHeapSize                  = 122910970                              {pd product} {ergonomic}
    uintx ProfiledCodeHeapSize                     = 122910970                              {pd product} {ergonomic}
    uintx ReservedCodeCacheSize                    = 251658240                              {pd product} {ergonomic}
     bool SegmentedCodeCache                       = true                                      {product} {ergonomic}
     bool UseCompressedClassPointers               = true                                 {lp64_product} {ergonomic}
     bool UseCompressedOops                        = true                                 {lp64_product} {ergonomic}
     bool UseG1GC                                  = true                                      {product} {ergonomic}
     bool UseLargePagesIndividualAllocation        = false                                  {pd product} {ergonomic}

Logging:
Log output configuration:
 #0: stdout all=warning uptime,level,tags
 #1: stderr all=off uptime,level,tags

Environment Variables:
PATH=C:\Windows\system32;C:\Windows;C:\Windows\System32\Wbem;C:\Windows\System32\WindowsPowerShell\v1.0\;C:\Windows\System32\OpenSSH\;C:\Users\Admin\AppData\Local\Microsoft\WindowsApps;
USERNAME=Admin
OS=Windows_NT
PROCESSOR_IDENTIFIER=Intel64 Family 6 Model 58 Stepping 9, GenuineIntel



---------------  S Y S T E M  ---------------

OS: Windows 10 , 64 bit Build 17134 (10.0.17134.1)
OS uptime: 0 days 1:02 hours

CPU:total 8 (initial active 8) (4 cores per cpu, 2 threads per core) family 6 model 58 stepping 9, cmov, cx8, fxsr, mmx, sse, sse2, sse3, ssse3, sse4.1, sse4.2, popcnt, avx, aes, clmul, erms, ht, tsc, tscinvbit, tscinv

Memory: 4k page, system-wide physical 8103M (355M free)
TotalPageFile size 22335M (AvailPageFile size 4M)
current process WorkingSet (physical memory assigned to process): 204M, peak: 218M
current process commit charge ("private bytes"): 273M, peak: 287M

vm_info: OpenJDK 64-Bit Server VM (11.0.8+10-b944.6842174) for windows-amd64 JRE (11.0.8+10-b944.6842174), built on Sep 19 2020 01:11:42 by "builder" with MS VC++ 14.0 (VS2015)

END.
